app/manifest-merger-release-report.txt
-- Merging decision tree log ---
manifest
ADDED from AndroidManifest.xml:2:1
	package
		ADDED from AndroidManifest.xml:2:70
		INJECTED from AndroidManifest.xml:0:0
		INJECTED from AndroidManifest.xml:0:0
	android:versionName
		INJECTED from AndroidManifest.xml:0:0
		INJECTED from AndroidManifest.xml:0:0
	xmlns:android
		ADDED from AndroidManifest.xml:2:11
	android:versionCode
		INJECTED from AndroidManifest.xml:0:0
		INJECTED from AndroidManifest.xml:0:0
uses-permission#android.permission.INTERNET
ADDED from AndroidManifest.xml:4:5
MERGED from com.crashlytics.sdk.android:crashlytics:2.3.0:9:5
MERGED from com.crashlytics.sdk.android:crashlytics-core:2.3.0:9:5
MERGED from com.google.android.gms:play-services-ads:7.5.0:20:5
MERGED from com.google.android.gms:play-services-analytics:7.5.0:21:5
MERGED from com.google.android.gms:play-services-analytics:7.5.0:21:5
MERGED from com.google.android.gms:play-services-appinvite:7.5.0:19:5
MERGED from com.google.android.gms:play-services-maps:7.5.0:21:5
MERGED from com.google.android.gms:play-services-maps:7.5.0:21:5
MERGED from com.google.android.gms:play-services-maps:7.5.0:21:5
MERGED from com.google.android.gms:play-services-wallet:7.5.0:20:5
MERGED from com.google.android.gms:play-services-maps:7.5.0:21:5
MERGED from com.google.android.gms:play-services-maps:7.5.0:21:5
	android:name
		ADDED from AndroidManifest.xml:4:22
uses-permission#android.permission.CALL_PHONE
ADDED from AndroidManifest.xml:5:5
	android:name
		ADDED from AndroidManifest.xml:5:22
uses-permission#android.permission.ACCESS_FINE_LOCATION
ADDED from AndroidManifest.xml:6:5
	android:name
		ADDED from AndroidManifest.xml:6:22
uses-permission#android.permission.ACCESS_NETWORK_STATE
ADDED from AndroidManifest.xml:7:5
MERGED from com.google.android.gms:play-services-ads:7.5.0:21:5
MERGED from com.google.android.gms:play-services-analytics:7.5.0:22:5
MERGED from com.google.android.gms:play-services-analytics:7.5.0:22:5
MERGED from com.google.android.gms:play-services-maps:7.5.0:20:5
MERGED from com.google.android.gms:play-services-maps:7.5.0:20:5
MERGED from com.google.android.gms:play-services-maps:7.5.0:20:5
MERGED from com.google.android.gms:play-services-nearby:7.5.0:19:5
MERGED from com.google.android.gms:play-services-maps:7.5.0:20:5
MERGED from com.google.android.gms:play-services-maps:7.5.0:20:5
	android:name
		ADDED from AndroidManifest.xml:7:22
uses-permission#com.google.android.providers.gsf.permission.READ_GSERVICES
ADDED from AndroidManifest.xml:8:5
	android:name
		ADDED from AndroidManifest.xml:8:22
uses-permission#android.permission.WRITE_EXTERNAL_STORAGE
ADDED from AndroidManifest.xml:9:5
MERGED from com.google.android.gms:play-services-maps:7.5.0:22:5
MERGED from com.google.android.gms:play-services-maps:7.5.0:22:5
MERGED from com.google.android.gms:play-services-maps:7.5.0:22:5
MERGED from com.google.android.gms:play-services-maps:7.5.0:22:5
MERGED from com.google.android.gms:play-services-maps:7.5.0:22:5
	android:name
		ADDED from AndroidManifest.xml:9:22
uses-permission#android.permission.WAKE_LOCK
ADDED from AndroidManifest.xml:10:5
	android:name
		ADDED from AndroidManifest.xml:10:22
uses-permission#android.permission.VIBRATE
ADDED from AndroidManifest.xml:11:5
MERGED from io.card:android-sdk:5.0.1:12:5
	android:name
		ADDED from AndroidManifest.xml:11:22
uses-permission#android.permission.CAMERA
ADDED from AndroidManifest.xml:12:5
MERGED from io.card:android-sdk:5.0.1:11:5
	android:name
		ADDED from AndroidManifest.xml:12:22
uses-permission#android.permission.GET_ACCOUNTS
ADDED from AndroidManifest.xml:13:5
MERGED from com.google.android.gms:play-services-wallet:7.5.0:21:5
	android:name
		ADDED from AndroidManifest.xml:13:22
uses-permission#com.zebstudios.cityexpress.permission.C2D_MESSAGE
ADDED from AndroidManifest.xml:14:5
	android:name
		ADDED from AndroidManifest.xml:14:22
uses-permission#com.google.android.c2dm.permission.RECEIVE
ADDED from AndroidManifest.xml:15:5
	android:name
		ADDED from AndroidManifest.xml:15:22
uses-permission#com.zebstudios.cityexpress.permission.UA_DATA
ADDED from AndroidManifest.xml:16:5
	android:name
		ADDED from AndroidManifest.xml:16:22
uses-feature#android.hardware.camera
ADDED from AndroidManifest.xml:17:5
MERGED from io.card:android-sdk:5.0.1:14:5
	android:required
		ADDED from AndroidManifest.xml:17:58
	android:name
		ADDED from AndroidManifest.xml:17:19
uses-feature#android.hardware.camera.autofocus
ADDED from AndroidManifest.xml:18:5
MERGED from io.card:android-sdk:5.0.1:17:5
	android:required
		ADDED from AndroidManifest.xml:18:68
	android:name
		ADDED from AndroidManifest.xml:18:19
uses-feature#android.hardware.camera.flash
ADDED from AndroidManifest.xml:19:5
	android:required
		ADDED from AndroidManifest.xml:19:64
	android:name
		ADDED from AndroidManifest.xml:19:19
uses-feature#0x00020000
ADDED from AndroidManifest.xml:20:5
MERGED from com.google.android.gms:play-services-maps:7.5.0:24:5
MERGED from com.google.android.gms:play-services-maps:7.5.0:24:5
MERGED from com.google.android.gms:play-services-maps:7.5.0:24:5
MERGED from com.google.android.gms:play-services-maps:7.5.0:24:5
MERGED from com.google.android.gms:play-services-maps:7.5.0:24:5
	android:glEsVersion
		ADDED from AndroidManifest.xml:20:19
	android:required
		ADDED from AndroidManifest.xml:20:52
permission#com.zebstudios.cityexpress.permission.C2D_MESSAGE
ADDED from AndroidManifest.xml:21:5
	android:protectionLevel
		ADDED from AndroidManifest.xml:21:82
	android:name
		ADDED from AndroidManifest.xml:21:17
permission#com.zebstudios.cityexpress.permission.UA_DATA
ADDED from AndroidManifest.xml:22:5
	android:protectionLevel
		ADDED from AndroidManifest.xml:22:78
	android:name
		ADDED from AndroidManifest.xml:22:17
application
ADDED from AndroidManifest.xml:25:5
MERGED from com.android.support:appcompat-v7:22.2.0:22:5
MERGED from com.android.support:support-v4:22.2.0:22:5
MERGED from com.crashlytics.sdk.android:crashlytics:2.3.0:11:5
MERGED from com.crashlytics.sdk.android:crashlytics-core:2.3.0:11:5
MERGED from io.fabric.sdk.android:fabric:1.3.1:9:5
MERGED from com.crashlytics.sdk.android:answers:1.2.0:9:5
MERGED from io.fabric.sdk.android:fabric:1.3.1:9:5
MERGED from io.fabric.sdk.android:fabric:1.3.1:9:5
MERGED from com.crashlytics.sdk.android:answers:1.2.0:9:5
MERGED from io.fabric.sdk.android:fabric:1.3.1:9:5
MERGED from com.crashlytics.sdk.android:beta:1.1.2:9:5
MERGED from io.fabric.sdk.android:fabric:1.3.1:9:5
MERGED from com.android.support:support-v4:22.2.0:22:5
MERGED from com.android.support:appcompat-v7:22.2.0:22:5
MERGED from com.android.support:support-v4:22.2.0:22:5
MERGED from com.google.android.gms:play-services:7.5.0:19:5
MERGED from com.google.android.gms:play-services-ads:7.5.0:24:5
MERGED from com.google.android.gms:play-services-base:7.5.0:20:5
MERGED from com.android.support:support-v4:22.2.0:22:5
MERGED from com.google.android.gms:play-services-analytics:7.5.0:24:5
MERGED from com.google.android.gms:play-services-base:7.5.0:20:5
MERGED from com.android.support:support-v4:22.2.0:22:5
MERGED from com.google.android.gms:play-services-analytics:7.5.0:24:5
MERGED from com.google.android.gms:play-services-base:7.5.0:20:5
MERGED from com.android.support:support-v4:22.2.0:22:5
MERGED from com.google.android.gms:play-services-appindexing:7.5.0:19:5
MERGED from com.google.android.gms:play-services-base:7.5.0:20:5
MERGED from com.android.support:support-v4:22.2.0:22:5
MERGED from com.google.android.gms:play-services-appinvite:7.5.0:20:5
MERGED from com.google.android.gms:play-services-base:7.5.0:20:5
MERGED from com.android.support:support-v4:22.2.0:22:5
MERGED from com.google.android.gms:play-services-appstate:7.5.0:19:5
MERGED from com.google.android.gms:play-services-base:7.5.0:20:5
MERGED from com.android.support:support-v4:22.2.0:22:5
MERGED from com.google.android.gms:play-services-base:7.5.0:20:5
MERGED from com.android.support:support-v4:22.2.0:22:5
MERGED from com.google.android.gms:play-services-cast:7.5.0:19:5
MERGED from com.google.android.gms:play-services-base:7.5.0:20:5
MERGED from com.android.support:support-v4:22.2.0:22:5
MERGED from com.android.support:mediarouter-v7:22.0.0:22:5
MERGED from com.android.support:appcompat-v7:22.2.0:22:5
MERGED from com.android.support:support-v4:22.2.0:22:5
MERGED from com.google.android.gms:play-services-drive:7.5.0:19:5
MERGED from com.google.android.gms:play-services-base:7.5.0:20:5
MERGED from com.android.support:support-v4:22.2.0:22:5
MERGED from com.google.android.gms:play-services-fitness:7.5.0:19:5
MERGED from com.google.android.gms:play-services-base:7.5.0:20:5
MERGED from com.android.support:support-v4:22.2.0:22:5
MERGED from com.google.android.gms:play-services-location:7.5.0:19:5
MERGED from com.google.android.gms:play-services-base:7.5.0:20:5
MERGED from com.android.support:support-v4:22.2.0:22:5
MERGED from com.google.android.gms:play-services-maps:7.5.0:29:5
MERGED from com.google.android.gms:play-services-base:7.5.0:20:5
MERGED from com.android.support:support-v4:22.2.0:22:5
MERGED from com.google.android.gms:play-services-games:7.5.0:19:5
MERGED from com.google.android.gms:play-services-base:7.5.0:20:5
MERGED from com.android.support:support-v4:22.2.0:22:5
MERGED from com.google.android.gms:play-services-drive:7.5.0:19:5
MERGED from com.google.android.gms:play-services-base:7.5.0:20:5
MERGED from com.android.support:support-v4:22.2.0:22:5
MERGED from com.google.android.gms:play-services-gcm:7.5.0:19:5
MERGED from com.google.android.gms:play-services-base:7.5.0:20:5
MERGED from com.android.support:support-v4:22.2.0:22:5
MERGED from com.google.android.gms:play-services-identity:7.5.0:19:5
MERGED from com.google.android.gms:play-services-base:7.5.0:20:5
MERGED from com.android.support:support-v4:22.2.0:22:5
MERGED from com.google.android.gms:play-services-location:7.5.0:19:5
MERGED from com.google.android.gms:play-services-base:7.5.0:20:5
MERGED from com.android.support:support-v4:22.2.0:22:5
MERGED from com.google.android.gms:play-services-maps:7.5.0:29:5
MERGED from com.google.android.gms:play-services-base:7.5.0:20:5
MERGED from com.android.support:support-v4:22.2.0:22:5
MERGED from com.google.android.gms:play-services-maps:7.5.0:29:5
MERGED from com.google.android.gms:play-services-base:7.5.0:20:5
MERGED from com.android.support:support-v4:22.2.0:22:5
MERGED from com.google.android.gms:play-services-nearby:7.5.0:20:5
MERGED from com.google.android.gms:play-services-base:7.5.0:20:5
MERGED from com.android.support:support-v4:22.2.0:22:5
MERGED from com.google.android.gms:play-services-panorama:7.5.0:19:5
MERGED from com.google.android.gms:play-services-base:7.5.0:20:5
MERGED from com.android.support:support-v4:22.2.0:22:5
MERGED from com.google.android.gms:play-services-plus:7.5.0:19:5
MERGED from com.google.android.gms:play-services-base:7.5.0:20:5
MERGED from com.android.support:support-v4:22.2.0:22:5
MERGED from com.google.android.gms:play-services-safetynet:7.5.0:19:5
MERGED from com.google.android.gms:play-services-base:7.5.0:20:5
MERGED from com.android.support:support-v4:22.2.0:22:5
MERGED from com.google.android.gms:play-services-wallet:7.5.0:24:5
MERGED from com.google.android.gms:play-services-base:7.5.0:20:5
MERGED from com.android.support:support-v4:22.2.0:22:5
MERGED from com.google.android.gms:play-services-identity:7.5.0:19:5
MERGED from com.google.android.gms:play-services-base:7.5.0:20:5
MERGED from com.android.support:support-v4:22.2.0:22:5
MERGED from com.google.android.gms:play-services-maps:7.5.0:29:5
MERGED from com.google.android.gms:play-services-base:7.5.0:20:5
MERGED from com.android.support:support-v4:22.2.0:22:5
MERGED from com.google.android.gms:play-services-wearable:7.5.0:19:5
MERGED from com.google.android.gms:play-services-base:7.5.0:20:5
MERGED from com.android.support:support-v4:22.2.0:22:5
MERGED from io.card:android-sdk:5.0.1:21:5
MERGED from com.facebook.android:facebook-android-sdk:4.1.0:28:5
MERGED from com.android.support:support-v4:22.2.0:22:5
MERGED from androidcity:urbanairship-lib-6.1.0:unspecified:13:5
MERGED from com.android.support:cardview-v7:22.2.0:22:5
MERGED from com.google.android.gms:play-services-location:7.5.0:19:5
MERGED from com.google.android.gms:play-services-base:7.5.0:20:5
MERGED from com.android.support:support-v4:22.2.0:22:5
MERGED from com.google.android.gms:play-services-maps:7.5.0:29:5
MERGED from com.google.android.gms:play-services-base:7.5.0:20:5
MERGED from com.android.support:support-v4:22.2.0:22:5
MERGED from com.google.android.gms:play-services-gcm:7.5.0:19:5
MERGED from com.google.android.gms:play-services-base:7.5.0:20:5
MERGED from com.android.support:support-v4:22.2.0:22:5
	android:label
		ADDED from AndroidManifest.xml:25:82
	android:allowBackup
		ADDED from AndroidManifest.xml:25:18
	android:icon
		ADDED from AndroidManifest.xml:25:45
	android:theme
		ADDED from AndroidManifest.xml:25:110
	android:name
		ADDED from AndroidManifest.xml:25:146
meta-data#com.google.android.maps.v2.API_KEY
ADDED from AndroidManifest.xml:27:9
	android:value
		ADDED from AndroidManifest.xml:27:70
	android:name
		ADDED from AndroidManifest.xml:27:20
meta-data#com.google.android.gms.version
ADDED from AndroidManifest.xml:28:9
MERGED from com.google.android.gms:play-services-base:7.5.0:21:9
MERGED from com.google.android.gms:play-services-base:7.5.0:21:9
MERGED from com.google.android.gms:play-services-base:7.5.0:21:9
MERGED from com.google.android.gms:play-services-base:7.5.0:21:9
MERGED from com.google.android.gms:play-services-base:7.5.0:21:9
MERGED from com.google.android.gms:play-services-base:7.5.0:21:9
MERGED from com.google.android.gms:play-services-base:7.5.0:21:9
MERGED from com.google.android.gms:play-services-base:7.5.0:21:9
MERGED from com.google.android.gms:play-services-base:7.5.0:21:9
MERGED from com.google.android.gms:play-services-base:7.5.0:21:9
MERGED from com.google.android.gms:play-services-base:7.5.0:21:9
MERGED from com.google.android.gms:play-services-base:7.5.0:21:9
MERGED from com.google.android.gms:play-services-base:7.5.0:21:9
MERGED from com.google.android.gms:play-services-base:7.5.0:21:9
MERGED from com.google.android.gms:play-services-base:7.5.0:21:9
MERGED from com.google.android.gms:play-services-base:7.5.0:21:9
MERGED from com.google.android.gms:play-services-base:7.5.0:21:9
MERGED from com.google.android.gms:play-services-base:7.5.0:21:9
MERGED from com.google.android.gms:play-services-base:7.5.0:21:9
MERGED from com.google.android.gms:play-services-base:7.5.0:21:9
MERGED from com.google.android.gms:play-services-base:7.5.0:21:9
MERGED from com.google.android.gms:play-services-base:7.5.0:21:9
MERGED from com.google.android.gms:play-services-base:7.5.0:21:9
MERGED from com.google.android.gms:play-services-base:7.5.0:21:9
MERGED from com.google.android.gms:play-services-base:7.5.0:21:9
MERGED from com.google.android.gms:play-services-base:7.5.0:21:9
MERGED from com.google.android.gms:play-services-base:7.5.0:21:9
MERGED from com.google.android.gms:play-services-base:7.5.0:21:9
MERGED from com.google.android.gms:play-services-base:7.5.0:21:9
MERGED from com.google.android.gms:play-services-base:7.5.0:21:9
	android:value
		ADDED from AndroidManifest.xml:28:66
	android:name
		ADDED from AndroidManifest.xml:28:20
activity#com.zebstudios.cityexpress.SplashScreen
ADDED from AndroidManifest.xml:33:9
	android:screenOrientation
		ADDED from AndroidManifest.xml:33:76
	android:label
		ADDED from AndroidManifest.xml:33:48
	android:name
		ADDED from AndroidManifest.xml:33:19
intent-filter#android.intent.action.MAIN+android.intent.category.LAUNCHER
ADDED from AndroidManifest.xml:34:13
	android:label
		ADDED from AndroidManifest.xml:34:28
action#android.intent.action.MAIN
ADDED from AndroidManifest.xml:35:17
	android:name
		ADDED from AndroidManifest.xml:35:25
category#android.intent.category.LAUNCHER
ADDED from AndroidManifest.xml:36:17
	android:name
		ADDED from AndroidManifest.xml:36:27
activity#com.zebstudios.cityexpress.MainActivity
ADDED from AndroidManifest.xml:40:9
	android:label
		ADDED from AndroidManifest.xml:42:13
	android:name
		ADDED from AndroidManifest.xml:41:13
activity#com.zebstudios.cityexpress.SearchResultsActivity
ADDED from AndroidManifest.xml:45:9
	android:screenOrientation
		ADDED from AndroidManifest.xml:45:110
	android:label
		ADDED from AndroidManifest.xml:45:83
	android:name
		ADDED from AndroidManifest.xml:45:19
activity#com.zebstudios.cityexpress.HotelDetailsActivity
ADDED from AndroidManifest.xml:46:9
	android:screenOrientation
		ADDED from AndroidManifest.xml:46:107
	android:label
		ADDED from AndroidManifest.xml:46:82
	android:name
		ADDED from AndroidManifest.xml:46:19
activity#com.zebstudios.cityexpress.TabletHotelDetailsActivity
ADDED from AndroidManifest.xml:47:9
	android:screenOrientation
		ADDED from AndroidManifest.xml:47:113
	android:label
		ADDED from AndroidManifest.xml:47:88
	android:name
		ADDED from AndroidManifest.xml:47:19
activity#com.zebstudios.cityexpress.NewsActivity
ADDED from AndroidManifest.xml:48:9
	android:screenOrientation
		ADDED from AndroidManifest.xml:48:99
	android:label
		ADDED from AndroidManifest.xml:48:74
	android:name
		ADDED from AndroidManifest.xml:48:19
activity#com.zebstudios.cityexpress.BlogActivity
ADDED from AndroidManifest.xml:49:9
	android:screenOrientation
		ADDED from AndroidManifest.xml:49:95
	android:label
		ADDED from AndroidManifest.xml:49:74
	android:name
		ADDED from AndroidManifest.xml:49:19
activity#com.zebstudios.cityexpress.PremiosLoginActivity
ADDED from AndroidManifest.xml:50:9
	android:screenOrientation
		ADDED from AndroidManifest.xml:50:85
	android:label
		ADDED from AndroidManifest.xml:50:56
	android:name
		ADDED from AndroidManifest.xml:50:19
activity#com.zebstudios.cityexpress.PremiosDetailActivity
ADDED from AndroidManifest.xml:51:9
	android:screenOrientation
		ADDED from AndroidManifest.xml:51:86
	android:label
		ADDED from AndroidManifest.xml:51:57
	android:name
		ADDED from AndroidManifest.xml:51:19
activity#com.urbanairship.actions.ActionActivity
ADDED from AndroidManifest.xml:54:9
	android:name
		ADDED from AndroidManifest.xml:54:19
activity#com.urbanairship.CoreActivity
ADDED from AndroidManifest.xml:56:9
	android:name
		ADDED from AndroidManifest.xml:56:19
meta-data#io.fabric.ApiKey
ADDED from AndroidManifest.xml:59:9
	android:value
		ADDED from AndroidManifest.xml:59:52
	android:name
		ADDED from AndroidManifest.xml:59:20
service#com.appsee.AppseeBackgroundUploader
ADDED from AndroidManifest.xml:61:9
	android:name
		ADDED from AndroidManifest.xml:61:18
receiver#com.google.android.gms.analytics.CampaignTrackingReceiver
ADDED from AndroidManifest.xml:64:9
	android:exported
		ADDED from AndroidManifest.xml:64:92
	android:name
		ADDED from AndroidManifest.xml:64:19
intent-filter#com.android.vending.INSTALL_REFERRER
ADDED from AndroidManifest.xml:65:13
action#com.android.vending.INSTALL_REFERRER
ADDED from AndroidManifest.xml:66:17
	android:name
		ADDED from AndroidManifest.xml:66:25
receiver#com.google.ads.conversiontracking.InstallReceiver
ADDED from AndroidManifest.xml:70:9
	android:exported
		ADDED from AndroidManifest.xml:70:84
	android:name
		ADDED from AndroidManifest.xml:70:19
receiver#com.urbanairship.CoreReceiver
ADDED from AndroidManifest.xml:77:9
	android:exported
		ADDED from AndroidManifest.xml:77:64
	android:name
		ADDED from AndroidManifest.xml:77:19
intent-filter#com.urbanairship.push.OPENED+com.zebstudios.cityexpress
ADDED from AndroidManifest.xml:79:9
	android:priority
		ADDED from AndroidManifest.xml:79:24
action#com.urbanairship.push.OPENED
ADDED from AndroidManifest.xml:80:17
	android:name
		ADDED from AndroidManifest.xml:80:25
category#com.zebstudios.cityexpress
ADDED from AndroidManifest.xml:81:17
	android:name
		ADDED from AndroidManifest.xml:81:27
activity#com.urbanairship.actions.LandingPageActivity
ADDED from AndroidManifest.xml:88:9
	android:exported
		ADDED from AndroidManifest.xml:90:13
	android:name
		ADDED from AndroidManifest.xml:89:13
intent-filter#android.intent.category.DEFAULT+com.urbanairship.actions.SHOW_LANDING_PAGE_INTENT_ACTION
ADDED from AndroidManifest.xml:92:13
action#com.urbanairship.actions.SHOW_LANDING_PAGE_INTENT_ACTION
ADDED from AndroidManifest.xml:93:17
	android:name
		ADDED from AndroidManifest.xml:93:25
data
ADDED from AndroidManifest.xml:95:17
	android:scheme
		ADDED from AndroidManifest.xml:95:23
category#android.intent.category.DEFAULT
ADDED from AndroidManifest.xml:99:17
	android:name
		ADDED from AndroidManifest.xml:99:27
service#com.urbanairship.push.PushService
ADDED from AndroidManifest.xml:107:9
	android:label
		ADDED from AndroidManifest.xml:107:67
	android:name
		ADDED from AndroidManifest.xml:107:18
service#com.urbanairship.analytics.EventService
ADDED from AndroidManifest.xml:109:9
	android:label
		ADDED from AndroidManifest.xml:109:73
	android:name
		ADDED from AndroidManifest.xml:109:18
service#com.urbanairship.actions.ActionService
ADDED from AndroidManifest.xml:111:9
	android:name
		ADDED from AndroidManifest.xml:111:18
service#com.urbanairship.richpush.RichPushUpdateService
ADDED from AndroidManifest.xml:113:9
	android:name
		ADDED from AndroidManifest.xml:113:18
service#com.urbanairship.location.LocationService
ADDED from AndroidManifest.xml:115:9
	android:label
		ADDED from AndroidManifest.xml:115:75
	android:name
		ADDED from AndroidManifest.xml:115:18
provider#com.urbanairship.UrbanAirshipProvider
ADDED from AndroidManifest.xml:118:9
	android:authorities
		ADDED from AndroidManifest.xml:120:13
	android:multiprocess
		ADDED from AndroidManifest.xml:123:13
	android:exported
		ADDED from AndroidManifest.xml:122:13
	android:permission
		ADDED from AndroidManifest.xml:121:13
	android:name
		ADDED from AndroidManifest.xml:119:13
service#com.google.android.gms.analytics.CampaignTrackingService
ADDED from AndroidManifest.xml:126:9
	android:name
		ADDED from AndroidManifest.xml:126:18
activity#io.card.payment.CardIOActivity
ADDED from AndroidManifest.xml:127:9
MERGED from io.card:android-sdk:5.0.1:22:9
	android:configChanges
		ADDED from AndroidManifest.xml:127:65
	android:name
		ADDED from AndroidManifest.xml:127:19
activity#io.card.payment.DataEntryActivity
ADDED from AndroidManifest.xml:128:9
MERGED from io.card:android-sdk:5.0.1:25:9
	android:name
		ADDED from AndroidManifest.xml:128:19
meta-data#com.facebook.sdk.ApplicationId
ADDED from AndroidManifest.xml:132:9
	android:value
		ADDED from AndroidManifest.xml:132:66
	android:name
		ADDED from AndroidManifest.xml:132:20
receiver#com.urbanairship.push.GCMPushReceiver
ADDED from AndroidManifest.xml:135:9
	android:permission
		ADDED from AndroidManifest.xml:136:13
	android:name
		ADDED from AndroidManifest.xml:135:19
intent-filter#com.google.android.c2dm.intent.RECEIVE+com.google.android.c2dm.intent.REGISTRATION+com.zebstudios.cityexpress
ADDED from AndroidManifest.xml:137:13
action#com.google.android.c2dm.intent.RECEIVE
ADDED from AndroidManifest.xml:138:17
	android:name
		ADDED from AndroidManifest.xml:138:25
action#com.google.android.c2dm.intent.REGISTRATION
ADDED from AndroidManifest.xml:139:17
	android:name
		ADDED from AndroidManifest.xml:139:25
receiver#com.zebstudios.cityexpress.IntentReceiver
ADDED from AndroidManifest.xml:145:9
	android:exported
		ADDED from AndroidManifest.xml:145:76
	android:name
		ADDED from AndroidManifest.xml:145:19
intent-filter#com.urbanairship.push.CHANNEL_UPDATED+com.urbanairship.push.DISMISSED+com.urbanairship.push.OPENED+com.urbanairship.push.RECEIVED+com.zebstudios.cityexpress
ADDED from AndroidManifest.xml:146:13
action#com.urbanairship.push.CHANNEL_UPDATED
ADDED from AndroidManifest.xml:147:17
	android:name
		ADDED from AndroidManifest.xml:147:25
action#com.urbanairship.push.RECEIVED
ADDED from AndroidManifest.xml:149:17
	android:name
		ADDED from AndroidManifest.xml:149:25
action#com.urbanairship.push.DISMISSED
ADDED from AndroidManifest.xml:150:17
	android:name
		ADDED from AndroidManifest.xml:150:25
receiver#com.adform.adformtrackingsdk.services.ReferrerReceiver
ADDED from AndroidManifest.xml:158:9
	android:exported
		ADDED from AndroidManifest.xml:160:13
	android:name
		ADDED from AndroidManifest.xml:159:13
uses-sdk
INJECTED from AndroidManifest.xml:0:0 reason: use-sdk injection requested
MERGED from androidcity:calendar:unspecified:7:5
MERGED from com.android.support:appcompat-v7:22.2.0:20:5
MERGED from com.android.support:support-v4:22.2.0:20:5
MERGED from com.crashlytics.sdk.android:crashlytics:2.3.0:7:5
MERGED from com.crashlytics.sdk.android:crashlytics-core:2.3.0:7:5
MERGED from io.fabric.sdk.android:fabric:1.3.1:7:5
MERGED from com.crashlytics.sdk.android:answers:1.2.0:7:5
MERGED from io.fabric.sdk.android:fabric:1.3.1:7:5
MERGED from io.fabric.sdk.android:fabric:1.3.1:7:5
MERGED from com.crashlytics.sdk.android:answers:1.2.0:7:5
MERGED from io.fabric.sdk.android:fabric:1.3.1:7:5
MERGED from com.crashlytics.sdk.android:beta:1.1.2:7:5
MERGED from io.fabric.sdk.android:fabric:1.3.1:7:5
MERGED from com.android.support:support-v4:22.2.0:20:5
MERGED from com.android.support:appcompat-v7:22.2.0:20:5
MERGED from com.android.support:support-v4:22.2.0:20:5
MERGED from com.google.android.gms:play-services:7.5.0:18:5
MERGED from com.google.android.gms:play-services-ads:7.5.0:23:5
MERGED from com.google.android.gms:play-services-base:7.5.0:18:5
MERGED from com.android.support:support-v4:22.2.0:20:5
MERGED from com.google.android.gms:play-services-analytics:7.5.0:18:5
MERGED from com.google.android.gms:play-services-base:7.5.0:18:5
MERGED from com.android.support:support-v4:22.2.0:20:5
MERGED from com.google.android.gms:play-services-analytics:7.5.0:18:5
MERGED from com.google.android.gms:play-services-base:7.5.0:18:5
MERGED from com.android.support:support-v4:22.2.0:20:5
MERGED from com.google.android.gms:play-services-appindexing:7.5.0:18:5
MERGED from com.google.android.gms:play-services-base:7.5.0:18:5
MERGED from com.android.support:support-v4:22.2.0:20:5
MERGED from com.google.android.gms:play-services-appinvite:7.5.0:18:5
MERGED from com.google.android.gms:play-services-base:7.5.0:18:5
MERGED from com.android.support:support-v4:22.2.0:20:5
MERGED from com.google.android.gms:play-services-appstate:7.5.0:18:5
MERGED from com.google.android.gms:play-services-base:7.5.0:18:5
MERGED from com.android.support:support-v4:22.2.0:20:5
MERGED from com.google.android.gms:play-services-base:7.5.0:18:5
MERGED from com.android.support:support-v4:22.2.0:20:5
MERGED from com.google.android.gms:play-services-cast:7.5.0:18:5
MERGED from com.google.android.gms:play-services-base:7.5.0:18:5
MERGED from com.android.support:support-v4:22.2.0:20:5
MERGED from com.android.support:mediarouter-v7:22.0.0:20:5
MERGED from com.android.support:appcompat-v7:22.2.0:20:5
MERGED from com.android.support:support-v4:22.2.0:20:5
MERGED from com.google.android.gms:play-services-drive:7.5.0:18:5
MERGED from com.google.android.gms:play-services-base:7.5.0:18:5
MERGED from com.android.support:support-v4:22.2.0:20:5
MERGED from com.google.android.gms:play-services-fitness:7.5.0:18:5
MERGED from com.google.android.gms:play-services-base:7.5.0:18:5
MERGED from com.android.support:support-v4:22.2.0:20:5
MERGED from com.google.android.gms:play-services-location:7.5.0:18:5
MERGED from com.google.android.gms:play-services-base:7.5.0:18:5
MERGED from com.android.support:support-v4:22.2.0:20:5
MERGED from com.google.android.gms:play-services-maps:7.5.0:28:5
MERGED from com.google.android.gms:play-services-base:7.5.0:18:5
MERGED from com.android.support:support-v4:22.2.0:20:5
MERGED from com.google.android.gms:play-services-games:7.5.0:18:5
MERGED from com.google.android.gms:play-services-base:7.5.0:18:5
MERGED from com.android.support:support-v4:22.2.0:20:5
MERGED from com.google.android.gms:play-services-drive:7.5.0:18:5
MERGED from com.google.android.gms:play-services-base:7.5.0:18:5
MERGED from com.android.support:support-v4:22.2.0:20:5
MERGED from com.google.android.gms:play-services-gcm:7.5.0:18:5
MERGED from com.google.android.gms:play-services-base:7.5.0:18:5
MERGED from com.android.support:support-v4:22.2.0:20:5
MERGED from com.google.android.gms:play-services-identity:7.5.0:18:5
MERGED from com.google.android.gms:play-services-base:7.5.0:18:5
MERGED from com.android.support:support-v4:22.2.0:20:5
MERGED from com.google.android.gms:play-services-location:7.5.0:18:5
MERGED from com.google.android.gms:play-services-base:7.5.0:18:5
MERGED from com.android.support:support-v4:22.2.0:20:5
MERGED from com.google.android.gms:play-services-maps:7.5.0:28:5
MERGED from com.google.android.gms:play-services-base:7.5.0:18:5
MERGED from com.android.support:support-v4:22.2.0:20:5
MERGED from com.google.android.gms:play-services-maps:7.5.0:28:5
MERGED from com.google.android.gms:play-services-base:7.5.0:18:5
MERGED from com.android.support:support-v4:22.2.0:20:5
MERGED from com.google.android.gms:play-services-nearby:7.5.0:18:5
MERGED from com.google.android.gms:play-services-base:7.5.0:18:5
MERGED from com.android.support:support-v4:22.2.0:20:5
MERGED from com.google.android.gms:play-services-panorama:7.5.0:18:5
MERGED from com.google.android.gms:play-services-base:7.5.0:18:5
MERGED from com.android.support:support-v4:22.2.0:20:5
MERGED from com.google.android.gms:play-services-plus:7.5.0:18:5
MERGED from com.google.android.gms:play-services-base:7.5.0:18:5
MERGED from com.android.support:support-v4:22.2.0:20:5
MERGED from com.google.android.gms:play-services-safetynet:7.5.0:18:5
MERGED from com.google.android.gms:play-services-base:7.5.0:18:5
MERGED from com.android.support:support-v4:22.2.0:20:5
MERGED from com.google.android.gms:play-services-wallet:7.5.0:19:5
MERGED from com.google.android.gms:play-services-base:7.5.0:18:5
MERGED from com.android.support:support-v4:22.2.0:20:5
MERGED from com.google.android.gms:play-services-identity:7.5.0:18:5
MERGED from com.google.android.gms:play-services-base:7.5.0:18:5